<?xml version="1.0" encoding="UTF-8"?>
<testsuite name="ru.stqa.pft.addressbook.tests.ContactDeletionTests" tests="1" skipped="0" failures="0" errors="0" timestamp="2020-04-04T16:18:50" hostname="DESKTOP-JK4C1D0" time="0.569">
  <properties/>
  <testcase name="deleteContact" classname="ru.stqa.pft.addressbook.tests.ContactDeletionTests" time="0.569"/>
  <system-out><![CDATA[]]></system-out>
  <system-err><![CDATA[Starting ChromeDriver 80.0.3987.106 (f68069574609230cf9b635cd784cfb1bf81bb53a-refs/branch-heads/3987@{#882}) on port 28377
Only local connections are allowed.
Please protect ports used by ChromeDriver and related test frameworks to prevent access by malicious code.
[1586017127.244][WARNING]: Timed out connecting to Chrome, retrying...
апр 04, 2020 7:18:49 PM org.openqa.selenium.remote.ProtocolHandshake createSession
INFO: Detected dialect: W3C
]]></system-err>
</testsuite>
